<?xml version="1.0" encoding="UTF-8"?>
<!-- Generated by org.testng.reporters.JUnitReportReporter -->
<testsuite hostname="Kuchimanchi-PC" name="com.samplemavenproject.SimpleProject.TestExecution" tests="3" failures="0" timestamp="20 Dec 2017 14:23:17 GMT" time="7.919" errors="0">
  <testcase name="Login" time="1.160" classname="com.samplemavenproject.SimpleProject.TestExecution"/>
  <testcase name="Home" time="5.343" classname="com.samplemavenproject.SimpleProject.TestExecution"/>
  <testcase name="Employeeedit" time="1.416" classname="com.samplemavenproject.SimpleProject.TestExecution"/>
</testsuite> <!-- com.samplemavenproject.SimpleProject.TestExecution -->
