<?xml version="1.0" encoding="UTF-8"?>
<!-- Generated by org.testng.reporters.JUnitReportReporter -->
<testsuite skipped="0" hostname="Kuchimanchi-PC" name="Program1" tests="2" failures="0" timestamp="11 Dec 2017 15:05:31 GMT" time="0.011" errors="0">
  <testcase name="add" time="0.009" classname="Program1"/>
  <testcase name="f" time="0.002" classname="Program1"/>
</testsuite> <!-- Program1 -->
