<?xml version="1.0" encoding="UTF-8"?>
<!-- Generated by org.testng.reporters.JUnitReportReporter -->
<testsuite hostname="Kuchimanchi-PC" name="com.samplemavenproject.SimpleProject.Program1" tests="1" failures="0" timestamp="14 Dec 2017 04:19:31 GMT" time="12.977" errors="0">
  <testcase name="firstmethod" time="12.977" classname="com.samplemavenproject.SimpleProject.Program1"/>
</testsuite> <!-- com.samplemavenproject.SimpleProject.Program1 -->
